0 info it worked if it ends with ok
1 verbose cli [ '/usr/local/bin/node',
1 verbose cli   '/usr/local/bin/npm',
1 verbose cli   'install',
1 verbose cli   'gulp-ng-annotate',
1 verbose cli   '--save-dev' ]
2 info using npm@2.14.12
3 info using node@v4.3.1
4 verbose install initial load of /Users/junhui/Desktop/AngularJS/conFusion/package.json
5 verbose installManyTop reading scoped package data from /Users/junhui/Desktop/AngularJS/conFusion/node_modules/browser-sync/package.json
6 verbose installManyTop reading scoped package data from /Users/junhui/Desktop/AngularJS/conFusion/node_modules/del/package.json
7 verbose installManyTop reading scoped package data from /Users/junhui/Desktop/AngularJS/conFusion/node_modules/gulp/package.json
8 verbose installManyTop reading scoped package data from /Users/junhui/Desktop/AngularJS/conFusion/node_modules/gulp-cache/package.json
9 verbose installManyTop reading scoped package data from /Users/junhui/Desktop/AngularJS/conFusion/node_modules/gulp-changed/package.json
10 verbose installManyTop reading scoped package data from /Users/junhui/Desktop/AngularJS/conFusion/node_modules/gulp-concat/package.json
11 verbose installManyTop reading scoped package data from /Users/junhui/Desktop/AngularJS/conFusion/node_modules/gulp-imagemin/package.json
12 verbose installManyTop reading scoped package data from /Users/junhui/Desktop/AngularJS/conFusion/node_modules/gulp-jshint/package.json
13 verbose installManyTop reading scoped package data from /Users/junhui/Desktop/AngularJS/conFusion/node_modules/gulp-minify-css/package.json
14 verbose installManyTop reading scoped package data from /Users/junhui/Desktop/AngularJS/conFusion/node_modules/gulp-ng-annotate/package.json
15 verbose installManyTop reading scoped package data from /Users/junhui/Desktop/AngularJS/conFusion/node_modules/gulp-notify/package.json
16 verbose installManyTop reading scoped package data from /Users/junhui/Desktop/AngularJS/conFusion/node_modules/gulp-rename/package.json
17 verbose installManyTop reading scoped package data from /Users/junhui/Desktop/AngularJS/conFusion/node_modules/gulp-rev/package.json
18 verbose installManyTop reading scoped package data from /Users/junhui/Desktop/AngularJS/conFusion/node_modules/gulp-uglify/package.json
19 verbose installManyTop reading scoped package data from /Users/junhui/Desktop/AngularJS/conFusion/node_modules/gulp-usemin/package.json
20 verbose installManyTop reading scoped package data from /Users/junhui/Desktop/AngularJS/conFusion/node_modules/jshint/package.json
21 verbose installManyTop reading scoped package data from /Users/junhui/Desktop/AngularJS/conFusion/node_modules/jshint-stylish/package.json
22 verbose installManyTop reading scoped package data from /Users/junhui/Desktop/AngularJS/conFusion/node_modules/save/package.json
23 info package.json gulp-minify-css@1.2.4 No repository field.
24 info package.json gulp-notify@2.2.0 No license field.
25 info package.json gulp-rename@1.2.2 No license field.
26 verbose readDependencies loading dependencies from /Users/junhui/Desktop/AngularJS/conFusion/package.json
27 verbose install gulp-ng-annotate is installed as 2.0.0
28 silly cache add args [ 'gulp-ng-annotate', null ]
29 verbose cache add spec gulp-ng-annotate
30 silly cache add parsed spec Result {
30 silly cache add   raw: 'gulp-ng-annotate',
30 silly cache add   scope: null,
30 silly cache add   name: 'gulp-ng-annotate',
30 silly cache add   rawSpec: '',
30 silly cache add   spec: 'latest',
30 silly cache add   type: 'tag' }
31 silly addNamed gulp-ng-annotate@latest
32 verbose addNamed "latest" is being treated as a dist-tag for gulp-ng-annotate
33 info addNameTag [ 'gulp-ng-annotate', 'latest' ]
34 silly mapToRegistry name gulp-ng-annotate
35 silly mapToRegistry using default registry
36 silly mapToRegistry registry https://registry.npmjs.org/
37 silly mapToRegistry uri https://registry.npmjs.org/gulp-ng-annotate
38 verbose addNameTag registry:https://registry.npmjs.org/gulp-ng-annotate not in flight; fetching
39 verbose request uri https://registry.npmjs.org/gulp-ng-annotate
40 verbose request no auth needed
41 info attempt registry request try #1 at 3:40:55 PM
42 verbose request id 9f95ce3c89e8ce14
43 verbose etag "H1TV3IGHCG3GXLX463OD8U8P"
44 http request GET https://registry.npmjs.org/gulp-ng-annotate
45 http 304 https://registry.npmjs.org/gulp-ng-annotate
46 verbose headers { date: 'Mon, 29 Feb 2016 20:40:56 GMT',
46 verbose headers   via: '1.1 varnish',
46 verbose headers   'cache-control': 'max-age=300',
46 verbose headers   etag: '"H1TV3IGHCG3GXLX463OD8U8P"',
46 verbose headers   age: '254',
46 verbose headers   connection: 'keep-alive',
46 verbose headers   'x-served-by': 'cache-dfw1827-DFW',
46 verbose headers   'x-cache': 'HIT',
46 verbose headers   'x-cache-hits': '1',
46 verbose headers   'x-timer': 'S1456778456.059464,VS0,VE0',
46 verbose headers   vary: 'Accept' }
47 silly get cb [ 304,
47 silly get   { date: 'Mon, 29 Feb 2016 20:40:56 GMT',
47 silly get     via: '1.1 varnish',
47 silly get     'cache-control': 'max-age=300',
47 silly get     etag: '"H1TV3IGHCG3GXLX463OD8U8P"',
47 silly get     age: '254',
47 silly get     connection: 'keep-alive',
47 silly get     'x-served-by': 'cache-dfw1827-DFW',
47 silly get     'x-cache': 'HIT',
47 silly get     'x-cache-hits': '1',
47 silly get     'x-timer': 'S1456778456.059464,VS0,VE0',
47 silly get     vary: 'Accept' } ]
48 verbose etag https://registry.npmjs.org/gulp-ng-annotate from cache
49 verbose get saving gulp-ng-annotate to /Users/junhui/.npm/registry.npmjs.org/gulp-ng-annotate/.cache.json
50 silly addNameTag next cb for gulp-ng-annotate with tag latest
51 silly addNamed gulp-ng-annotate@2.0.0
52 verbose addNamed "2.0.0" is a plain semver version for gulp-ng-annotate
53 silly cache afterAdd gulp-ng-annotate@2.0.0
54 verbose afterAdd /Users/junhui/.npm/gulp-ng-annotate/2.0.0/package/package.json not in flight; writing
55 verbose afterAdd /Users/junhui/.npm/gulp-ng-annotate/2.0.0/package/package.json written
56 silly install resolved [ { name: 'gulp-ng-annotate',
56 silly install resolved     version: '2.0.0',
56 silly install resolved     description: 'Add angularjs dependency injection annotations with ng-annotate',
56 silly install resolved     main: 'index.js',
56 silly install resolved     engines: { node: '>=0.10.0' },
56 silly install resolved     scripts: { test: 'mocha' },
56 silly install resolved     repository:
56 silly install resolved      { type: 'git',
56 silly install resolved        url: 'git+https://github.com/Kagami/gulp-ng-annotate.git' },
56 silly install resolved     keywords: [ 'gulpplugin', 'angular', 'angularjs', 'annotate', 'ng-annotate' ],
56 silly install resolved     author: { name: 'Kagami Hiiragi' },
56 silly install resolved     license: 'CC0-1.0',
56 silly install resolved     bugs: { url: 'https://github.com/Kagami/gulp-ng-annotate/issues' },
56 silly install resolved     homepage: 'https://github.com/Kagami/gulp-ng-annotate',
56 silly install resolved     dependencies:
56 silly install resolved      { bufferstreams: '^1.1.0',
56 silly install resolved        'gulp-util': '^3.0.7',
56 silly install resolved        merge: '^1.2.0',
56 silly install resolved        'ng-annotate': '^1.2.1',
56 silly install resolved        through2: '^2.0.1',
56 silly install resolved        'vinyl-sourcemaps-apply': '^0.2.1' },
56 silly install resolved     devDependencies: { 'gulp-sourcemaps': '*', mocha: '*' },
56 silly install resolved     gitHead: '3e8d5040f0e113ab0ea3cdd214710133c08d01ab',
56 silly install resolved     _id: 'gulp-ng-annotate@2.0.0',
56 silly install resolved     _shasum: '84a83db1f016520bd70f9a5cfa9f3fe89e25a205',
56 silly install resolved     _from: 'gulp-ng-annotate@latest',
56 silly install resolved     _npmVersion: '3.6.0',
56 silly install resolved     _nodeVersion: '5.7.0',
56 silly install resolved     _npmUser: { name: 'kagami', email: 'kagami@genshiken.org' },
56 silly install resolved     maintainers: [ [Object] ],
56 silly install resolved     dist:
56 silly install resolved      { shasum: '84a83db1f016520bd70f9a5cfa9f3fe89e25a205',
56 silly install resolved        tarball: 'http://registry.npmjs.org/gulp-ng-annotate/-/gulp-ng-annotate-2.0.0.tgz' },
56 silly install resolved     _npmOperationalInternal:
56 silly install resolved      { host: 'packages-9-west.internal.npmjs.com',
56 silly install resolved        tmp: 'tmp/gulp-ng-annotate-2.0.0.tgz_1456311769589_0.40873474068939686' },
56 silly install resolved     directories: {},
56 silly install resolved     _resolved: 'https://registry.npmjs.org/gulp-ng-annotate/-/gulp-ng-annotate-2.0.0.tgz',
56 silly install resolved     readme: 'ERROR: No README data found!' } ]
57 info install gulp-ng-annotate@2.0.0 into /Users/junhui/Desktop/AngularJS/conFusion
58 info installOne gulp-ng-annotate@2.0.0
59 verbose installOne of gulp-ng-annotate to /Users/junhui/Desktop/AngularJS/conFusion not in flight; installing
60 verbose lock using /Users/junhui/.npm/_locks/gulp-ng-annotate-5d6efce5d0334871.lock for /Users/junhui/Desktop/AngularJS/conFusion/node_modules/gulp-ng-annotate
61 silly install write writing gulp-ng-annotate 2.0.0 to /Users/junhui/Desktop/AngularJS/conFusion/node_modules/gulp-ng-annotate
62 verbose unbuild node_modules/gulp-ng-annotate
63 info preuninstall gulp-ng-annotate@2.0.0
64 info uninstall gulp-ng-annotate@2.0.0
65 verbose unbuild rmStuff gulp-ng-annotate@2.0.0 from /Users/junhui/Desktop/AngularJS/conFusion/node_modules
66 info postuninstall gulp-ng-annotate@2.0.0
67 silly gentlyRm /Users/junhui/Desktop/AngularJS/conFusion/node_modules/gulp-ng-annotate is being purged from base /Users/junhui/Desktop/AngularJS/conFusion
68 verbose gentlyRm don't care about contents; nuking /Users/junhui/Desktop/AngularJS/conFusion/node_modules/gulp-ng-annotate
69 silly vacuum-fs purging /Users/junhui/Desktop/AngularJS/conFusion/node_modules/gulp-ng-annotate
70 verbose unlock done using /Users/junhui/.npm/_locks/gulp-ng-annotate-5d6efce5d0334871.lock for /Users/junhui/Desktop/AngularJS/conFusion/node_modules/gulp-ng-annotate
71 verbose stack Error: EACCES: permission denied, unlink '/Users/junhui/Desktop/AngularJS/conFusion/node_modules/gulp-ng-annotate/node_modules/.bin/ng-annotate'
71 verbose stack     at Error (native)
72 verbose cwd /Users/junhui/Desktop/AngularJS/conFusion
73 error Darwin 15.3.0
74 error argv "/usr/local/bin/node" "/usr/local/bin/npm" "install" "gulp-ng-annotate" "--save-dev"
75 error node v4.3.1
76 error npm  v2.14.12
77 error path /Users/junhui/Desktop/AngularJS/conFusion/node_modules/gulp-ng-annotate/node_modules/.bin/ng-annotate
78 error code EACCES
79 error errno -13
80 error syscall unlink
81 error Error: EACCES: permission denied, unlink '/Users/junhui/Desktop/AngularJS/conFusion/node_modules/gulp-ng-annotate/node_modules/.bin/ng-annotate'
81 error     at Error (native)
81 error  { [Error: EACCES: permission denied, unlink '/Users/junhui/Desktop/AngularJS/conFusion/node_modules/gulp-ng-annotate/node_modules/.bin/ng-annotate']
81 error   errno: -13,
81 error   code: 'EACCES',
81 error   syscall: 'unlink',
81 error   path: '/Users/junhui/Desktop/AngularJS/conFusion/node_modules/gulp-ng-annotate/node_modules/.bin/ng-annotate' }
82 error Please try running this command again as root/Administrator.
83 verbose exit [ -13, true ]
84 verbose unbuild node_modules/gulp-ng-annotate
85 silly gentlyRm /Users/junhui/Desktop/AngularJS/conFusion/node_modules/gulp-ng-annotate is being purged from base /Users/junhui/Desktop/AngularJS/conFusion
86 verbose gentlyRm don't care about contents; nuking /Users/junhui/Desktop/AngularJS/conFusion/node_modules/gulp-ng-annotate
87 silly vacuum-fs purging /Users/junhui/Desktop/AngularJS/conFusion/node_modules/gulp-ng-annotate
88 error error rolling back Error: EACCES: permission denied, unlink '/Users/junhui/Desktop/AngularJS/conFusion/node_modules/gulp-ng-annotate/node_modules/.bin/ng-annotate'
88 error error rolling back     at Error (native)
88 error error rolling back  { [Error: EACCES: permission denied, unlink '/Users/junhui/Desktop/AngularJS/conFusion/node_modules/gulp-ng-annotate/node_modules/.bin/ng-annotate']
88 error error rolling back   errno: -13,
88 error error rolling back   code: 'EACCES',
88 error error rolling back   syscall: 'unlink',
88 error error rolling back   path: '/Users/junhui/Desktop/AngularJS/conFusion/node_modules/gulp-ng-annotate/node_modules/.bin/ng-annotate' }
